Построение начато 27.12.2022 9:25:15.
     1>Проект "C:\Users\user\documents\visual studio 2010\Projects\Курсовaя\Курсовaя\Курсовaя.vcxproj" в узле 2 (целевые объекты build).
     1>InitializeBuildStatus:
         Создание "Debug\Курсовaя.unsuccessfulbuild", так как было задано "AlwaysCreate".
       ClCompile:
         Для всех выходных данных обновления не требуется.
         C:\visual\VC\bin\CL.exe /c /ZI /nologo /W3 /WX- /Od /Oy- /D WIN32 /D _DEBUG /D _CONSOLE /D _UNICODE /D UNICODE /Gm /EHsc /RTC1 /MDd /GS /fp:precise /Zc:wchar_t /Zc:forScope /Yu"StdAfx.h" /Fp"Debug\Курсовaя.pch" /Fo"Debug\\" /Fd"Debug\vc100.pdb" /Gd /TP /analyze- /errorReport:prompt "Курсовaя.cpp"
         Курсовaя.cpp
     1>c:\users\user\documents\visual studio 2010\projects\курсовaя\курсовaя\курсовaя.cpp(47): warning C4244: аргумент: преобразование "time_t" в "unsigned int", возможна потеря данных
       ManifestResourceCompile:
         Для всех выходных данных обновления не требуется.
       Link:
         C:\visual\VC\bin\link.exe /ERRORREPORT:PROMPT /OUT:"C:\Users\user\documents\visual studio 2010\Projects\Курсовaя\Debug\Курсовaя.exe" /INCREMENTAL /NOLOGO kernel32.lib user32.lib gdi32.lib winspool.lib comdlg32.lib advapi32.lib shell32.lib ole32.lib oleaut32.lib uuid.lib odbc32.lib odbccp32.lib /MANIFEST /ManifestFile:"Debug\Курсовaя.exe.intermediate.manifest" /MANIFESTUAC:"level='asInvoker' uiAccess='false'" /DEBUG /PDB:"C:\Users\user\documents\visual studio 2010\Projects\Курсовaя\Debug\Курсовaя.pdb" /SUBSYSTEM:CONSOLE /TLBID:1 /DYNAMICBASE /NXCOMPAT /IMPLIB:"C:\Users\user\documents\visual studio 2010\Projects\Курсовaя\Debug\Курсовaя.lib" /MACHINE:X86 "Debug\Курсовaя.exe.embed.manifest.res"
         Debug\stdafx.obj
         "Debug\Курсовaя.obj"
       Manifest:
         C:\Program Files (x86)\Microsoft SDKs\Windows\v7.0A\bin\mt.exe /nologo /verbose /out:"Debug\Курсовaя.exe.embed.manifest" /manifest "Debug\Курсовaя.exe.intermediate.manifest"
         Для всех выходных данных обновления не требуется.
       LinkEmbedManifest:
         Для всех выходных данных обновления не требуется.
         Курсовaя.vcxproj -> C:\Users\user\documents\visual studio 2010\Projects\Курсовaя\Debug\Курсовaя.exe
       FinalizeBuildStatus:
         Файл "Debug\Курсовaя.unsuccessfulbuild" удаляется.
         Обращение к "Debug\Курсовaя.lastbuildstate".
     1>Построение проекта "C:\Users\user\documents\visual studio 2010\Projects\Курсовaя\Курсовaя\Курсовaя.vcxproj" завершено (целевые объекты build).

Построение успешно завершено.

Затраченное время: 00:00:01.29
